<component name="libraryTable">
  <library name="junit-4.13.2">
    <CLASSES>
      <root url="jar://$USER_HOME$/Documents/JUnit/junit-4.13.2.jar!/" />
      <root url="jar://$USER_HOME$/Documents/JUnit/hamcrest-2.2.jar!/" />
    </CLASSES>
    <JAVADOC />
    <SOURCES />
  </library>
</component>